Using pre-set license
Built from '2021.1/release' branch; Version is '2021.1.0f1 (61a549675243) revision 6399305'; Using compiler version '192528614'; Build Type 'Release'
OS: 'Windows 10 Home; OS build 19043.1237; Version 2009; 64bit' Language: 'it' Physical Memory: 10153 MB
BatchMode: 1, IsHumanControllingUs: 0, StartBugReporterOnCrash: 0, Is64bit: 1, IsPro: 0

 COMMAND LINE ARGUMENTS:
C:\Program Files\Unity\2021.1.0f1\Editor\Unity.exe
-adb2
-batchMode
-noUpm
-name
AssetImportWorker0
-projectPath
C:/Users/vfabi/UnityLearn/Deep-VentureGIT
-logFile
Logs/AssetImportWorker0.log
-srvPort
1152
Successfully changed project path to: C:/Users/vfabi/UnityLearn/Deep-VentureGIT
C:/Users/vfabi/UnityLearn/Deep-VentureGIT
Using Asset Import Pipeline V2.
Refreshing native plugins compatible for Editor in 122.09 ms, found 3 plugins.
Preloading 0 native plugins for Editor in 0.00 ms.
Initialize engine version: 2021.1.0f1 (61a549675243)
[Subsystems] Discovering subsystems at path C:/Program Files/Unity/2021.1.0f1/Editor/Data/Resources/UnitySubsystems
[Subsystems] Discovering subsystems at path C:/Users/vfabi/UnityLearn/Deep-VentureGIT/Assets
GfxDevice: creating device client; threaded=0; jobified=0
Direct3D:
    Version:  Direct3D 11.0 [level 11.1]
    Renderer: AMD Radeon(TM) Vega 8 Graphics (ID=0x15d8)
    Vendor:   ATI
    VRAM:     5076 MB
    Driver:   26.20.14042.2
Initialize mono
Mono path[0] = 'C:/Program Files/Unity/2021.1.0f1/Editor/Data/Managed'
Mono path[1] = 'C:/Program Files/Unity/2021.1.0f1/Editor/Data/MonoBleedingEdge/lib/mono/unityjit'
Mono config path = 'C:/Program Files/Unity/2021.1.0f1/Editor/Data/MonoBleedingEdge/etc'
Using monoOptions --debugger-agent=transport=dt_socket,embedding=1,server=y,suspend=n,address=127.0.0.1:56220
Begin MonoManager ReloadAssembly
Registering precompiled unity dll's ...
Register platform support module: C:/Program Files/Unity/2021.1.0f1/Editor/Data/PlaybackEngines/WindowsStandaloneSupport/UnityEditor.WindowsStandalone.Extensions.dll
Registered in 0.009561 seconds.
Native extension for WindowsStandalone target not found
Refreshing native plugins compatible for Editor in 143.72 ms, found 3 plugins.
Preloading 0 native plugins for Editor in 0.00 ms.
Mono: successfully reloaded assembly
- Completed reload, in  5.589 seconds
Platform modules already initialized, skipping
Registering precompiled user dll's ...
Registered in 0.008027 seconds.
Begin MonoManager ReloadAssembly
Native extension for WindowsStandalone target not found
Refreshing native plugins compatible for Editor in 132.67 ms, found 3 plugins.
Preloading 0 native plugins for Editor in 0.00 ms.
Mono: successfully reloaded assembly
- Completed reload, in  2.957 seconds
Platform modules already initialized, skipping
========================================================================
Worker process is ready to serve import requests
Launched and connected shader compiler UnityShaderCompiler.exe after 0.11 seconds
Refreshing native plugins compatible for Editor in 1.03 ms, found 3 plugins.
Preloading 0 native plugins for Editor in 0.00 ms.
Unloading 2109 Unused Serialized files (Serialized files now loaded: 0)
System memory in use before: 95.0 MB.
System memory in use after: 95.1 MB.

Unloading 28 unused Assets to reduce memory usage. Loaded Objects now: 2562.
Total: 7.235500 ms (FindLiveObjects: 0.395700 ms CreateObjectMapping: 0.209800 ms MarkObjects: 6.464900 ms  DeleteObjects: 0.162200 ms)

========================================================================
Received Import Request.
  path: Assets/RW/Scenes/TapPanic.unity
  artifactKey: Guid(b21dba2481bea4d359a2f859eefc5806) Importer(815301076,1909f56bfc062723c751e8b465ee728b)
Start importing Assets/RW/Scenes/TapPanic.unity using Guid(b21dba2481bea4d359a2f859eefc5806) Importer(815301076,1909f56bfc062723c751e8b465ee728b)  -> (artifact id: '76f29edb33c5a8417ab35c37c000d13b') in 0.031946 seconds 
========================================================================
Received Import Request.
  Time since last request: 152.034137 seconds.
  path: ProjectSettings/TagManager.asset
  artifactKey: Guid(00000000000000003000000000000000) Importer(815301076,1909f56bfc062723c751e8b465ee728b)
Start importing ProjectSettings/TagManager.asset using Guid(00000000000000003000000000000000) Importer(815301076,1909f56bfc062723c751e8b465ee728b)  -> (artifact id: 'fbc361e6dc8a830d03b0e740d949e501') in 0.056608 seconds 
========================================================================
Received Prepare
Registering precompiled user dll's ...
Registered in 0.017162 seconds.
Begin MonoManager ReloadAssembly
Native extension for WindowsStandalone target not found
Refreshing native plugins compatible for Editor in 1.12 ms, found 3 plugins.
Preloading 0 native plugins for Editor in 0.00 ms.
Mono: successfully reloaded assembly
- Completed reload, in  3.237 seconds
Platform modules already initialized, skipping
Refreshing native plugins compatible for Editor in 0.95 ms, found 3 plugins.
Preloading 0 native plugins for Editor in 0.00 ms.
Unloading 2099 Unused Serialized files (Serialized files now loaded: 0)
System memory in use before: 94.6 MB.
System memory in use after: 94.7 MB.

Unloading 17 unused Assets to reduce memory usage. Loaded Objects now: 2565.
Total: 5.132000 ms (FindLiveObjects: 0.347000 ms CreateObjectMapping: 0.146900 ms MarkObjects: 4.603500 ms  DeleteObjects: 0.031800 ms)

========================================================================
Received Prepare
Registering precompiled user dll's ...
Registered in 0.008773 seconds.
Begin MonoManager ReloadAssembly
Native extension for WindowsStandalone target not found
Refreshing native plugins compatible for Editor in 0.85 ms, found 3 plugins.
Preloading 0 native plugins for Editor in 0.00 ms.
Mono: successfully reloaded assembly
- Completed reload, in  2.445 seconds
Platform modules already initialized, skipping
Refreshing native plugins compatible for Editor in 1.16 ms, found 3 plugins.
Preloading 0 native plugins for Editor in 0.00 ms.
Unloading 2099 Unused Serialized files (Serialized files now loaded: 0)
System memory in use before: 94.7 MB.
System memory in use after: 94.8 MB.

Unloading 16 unused Assets to reduce memory usage. Loaded Objects now: 2568.
Total: 14.363100 ms (FindLiveObjects: 1.166100 ms CreateObjectMapping: 0.655000 ms MarkObjects: 12.480900 ms  DeleteObjects: 0.056900 ms)

========================================================================
Received Prepare
Registering precompiled user dll's ...
Registered in 0.018983 seconds.
Begin MonoManager ReloadAssembly
Native extension for WindowsStandalone target not found
Refreshing native plugins compatible for Editor in 1.83 ms, found 3 plugins.
Preloading 0 native plugins for Editor in 0.00 ms.
Mono: successfully reloaded assembly
- Completed reload, in  3.293 seconds
Platform modules already initialized, skipping
Refreshing native plugins compatible for Editor in 1.17 ms, found 3 plugins.
Preloading 0 native plugins for Editor in 0.00 ms.
Unloading 2099 Unused Serialized files (Serialized files now loaded: 0)
System memory in use before: 94.7 MB.
System memory in use after: 94.8 MB.

Unloading 16 unused Assets to reduce memory usage. Loaded Objects now: 2571.
Total: 8.722000 ms (FindLiveObjects: 0.825600 ms CreateObjectMapping: 0.448800 ms MarkObjects: 7.410600 ms  DeleteObjects: 0.034600 ms)

========================================================================
Received Prepare
Registering precompiled user dll's ...
Registered in 0.018040 seconds.
Begin MonoManager ReloadAssembly
Native extension for WindowsStandalone target not found
Refreshing native plugins compatible for Editor in 1.27 ms, found 3 plugins.
Preloading 0 native plugins for Editor in 0.00 ms.
Mono: successfully reloaded assembly
- Completed reload, in  2.971 seconds
Platform modules already initialized, skipping
Refreshing native plugins compatible for Editor in 1.34 ms, found 3 plugins.
Preloading 0 native plugins for Editor in 0.00 ms.
Unloading 2099 Unused Serialized files (Serialized files now loaded: 0)
System memory in use before: 94.7 MB.
System memory in use after: 94.8 MB.

Unloading 16 unused Assets to reduce memory usage. Loaded Objects now: 2574.
Total: 6.718200 ms (FindLiveObjects: 0.366900 ms CreateObjectMapping: 0.153600 ms MarkObjects: 6.153500 ms  DeleteObjects: 0.041900 ms)

========================================================================
Received Prepare
Registering precompiled user dll's ...
Registered in 0.022576 seconds.
Begin MonoManager ReloadAssembly
Native extension for WindowsStandalone target not found
Refreshing native plugins compatible for Editor in 1.13 ms, found 3 plugins.
Preloading 0 native plugins for Editor in 0.00 ms.
Mono: successfully reloaded assembly
- Completed reload, in  3.162 seconds
Platform modules already initialized, skipping
Refreshing native plugins compatible for Editor in 1.05 ms, found 3 plugins.
Preloading 0 native plugins for Editor in 0.00 ms.
Unloading 2099 Unused Serialized files (Serialized files now loaded: 0)
System memory in use before: 94.7 MB.
System memory in use after: 94.8 MB.

Unloading 16 unused Assets to reduce memory usage. Loaded Objects now: 2577.
Total: 7.843100 ms (FindLiveObjects: 0.395700 ms CreateObjectMapping: 0.204700 ms MarkObjects: 7.175800 ms  DeleteObjects: 0.063000 ms)

========================================================================
Received Prepare
Registering precompiled user dll's ...
Registered in 0.017456 seconds.
Begin MonoManager ReloadAssembly
Native extension for WindowsStandalone target not found
Refreshing native plugins compatible for Editor in 1.07 ms, found 3 plugins.
Preloading 0 native plugins for Editor in 0.00 ms.
Mono: successfully reloaded assembly
- Completed reload, in  3.163 seconds
Platform modules already initialized, skipping
Refreshing native plugins compatible for Editor in 1.09 ms, found 3 plugins.
Preloading 0 native plugins for Editor in 0.00 ms.
Unloading 2099 Unused Serialized files (Serialized files now loaded: 0)
System memory in use before: 94.7 MB.
System memory in use after: 94.8 MB.

Unloading 16 unused Assets to reduce memory usage. Loaded Objects now: 2580.
Total: 6.974400 ms (FindLiveObjects: 0.426600 ms CreateObjectMapping: 0.176900 ms MarkObjects: 6.328600 ms  DeleteObjects: 0.040100 ms)

========================================================================
Received Prepare
Registering precompiled user dll's ...
Registered in 0.017104 seconds.
Begin MonoManager ReloadAssembly
Native extension for WindowsStandalone target not found
Refreshing native plugins compatible for Editor in 1.18 ms, found 3 plugins.
Preloading 0 native plugins for Editor in 0.00 ms.
Mono: successfully reloaded assembly
- Completed reload, in  3.233 seconds
Platform modules already initialized, skipping
Refreshing native plugins compatible for Editor in 2.41 ms, found 3 plugins.
Preloading 0 native plugins for Editor in 0.00 ms.
Unloading 2099 Unused Serialized files (Serialized files now loaded: 0)
System memory in use before: 94.7 MB.
System memory in use after: 94.8 MB.

Unloading 16 unused Assets to reduce memory usage. Loaded Objects now: 2583.
Total: 13.635100 ms (FindLiveObjects: 0.854700 ms CreateObjectMapping: 0.191800 ms MarkObjects: 12.528100 ms  DeleteObjects: 0.055100 ms)

========================================================================
Received Prepare
Registering precompiled user dll's ...
Registered in 0.019692 seconds.
Begin MonoManager ReloadAssembly
Native extension for WindowsStandalone target not found
Refreshing native plugins compatible for Editor in 1.49 ms, found 3 plugins.
Preloading 0 native plugins for Editor in 0.00 ms.
Mono: successfully reloaded assembly
- Completed reload, in  3.598 seconds
Platform modules already initialized, skipping
Refreshing native plugins compatible for Editor in 0.89 ms, found 3 plugins.
Preloading 0 native plugins for Editor in 0.00 ms.
Unloading 2099 Unused Serialized files (Serialized files now loaded: 0)
System memory in use before: 94.7 MB.
System memory in use after: 94.8 MB.

Unloading 16 unused Assets to reduce memory usage. Loaded Objects now: 2586.
Total: 7.320800 ms (FindLiveObjects: 0.457300 ms CreateObjectMapping: 0.169600 ms MarkObjects: 6.653600 ms  DeleteObjects: 0.038300 ms)

========================================================================
Received Prepare
Registering precompiled user dll's ...
Registered in 0.013331 seconds.
Begin MonoManager ReloadAssembly
Native extension for WindowsStandalone target not found
Refreshing native plugins compatible for Editor in 0.86 ms, found 3 plugins.
Preloading 0 native plugins for Editor in 0.00 ms.
Mono: successfully reloaded assembly
- Completed reload, in  2.961 seconds
Platform modules already initialized, skipping
Refreshing native plugins compatible for Editor in 0.59 ms, found 3 plugins.
Preloading 0 native plugins for Editor in 0.00 ms.
Unloading 2099 Unused Serialized files (Serialized files now loaded: 0)
System memory in use before: 94.7 MB.
System memory in use after: 94.9 MB.

Unloading 16 unused Assets to reduce memory usage. Loaded Objects now: 2589.
Total: 8.480400 ms (FindLiveObjects: 0.608200 ms CreateObjectMapping: 0.409300 ms MarkObjects: 7.419600 ms  DeleteObjects: 0.040300 ms)

========================================================================
Received Prepare
Registering precompiled user dll's ...
Registered in 0.016319 seconds.
Begin MonoManager ReloadAssembly
Native extension for WindowsStandalone target not found
Refreshing native plugins compatible for Editor in 0.91 ms, found 3 plugins.
Preloading 0 native plugins for Editor in 0.00 ms.
Mono: successfully reloaded assembly
- Completed reload, in  2.899 seconds
Platform modules already initialized, skipping
Refreshing native plugins compatible for Editor in 1.07 ms, found 3 plugins.
Preloading 0 native plugins for Editor in 0.00 ms.
Unloading 2099 Unused Serialized files (Serialized files now loaded: 0)
System memory in use before: 94.7 MB.
System memory in use after: 94.9 MB.

Unloading 16 unused Assets to reduce memory usage. Loaded Objects now: 2592.
Total: 8.087600 ms (FindLiveObjects: 0.484400 ms CreateObjectMapping: 0.231500 ms MarkObjects: 7.324400 ms  DeleteObjects: 0.043800 ms)

========================================================================
Received Prepare
Registering precompiled user dll's ...
Registered in 0.016382 seconds.
Begin MonoManager ReloadAssembly
Native extension for WindowsStandalone target not found
Refreshing native plugins compatible for Editor in 0.94 ms, found 3 plugins.
Preloading 0 native plugins for Editor in 0.00 ms.
Mono: successfully reloaded assembly
- Completed reload, in  2.889 seconds
Platform modules already initialized, skipping
Refreshing native plugins compatible for Editor in 1.01 ms, found 3 plugins.
Preloading 0 native plugins for Editor in 0.00 ms.
Unloading 2099 Unused Serialized files (Serialized files now loaded: 0)
System memory in use before: 94.8 MB.
System memory in use after: 94.9 MB.

Unloading 16 unused Assets to reduce memory usage. Loaded Objects now: 2595.
Total: 6.812900 ms (FindLiveObjects: 0.371400 ms CreateObjectMapping: 0.131800 ms MarkObjects: 6.265300 ms  DeleteObjects: 0.042000 ms)

========================================================================
Received Prepare
Registering precompiled user dll's ...
Registered in 0.013966 seconds.
Begin MonoManager ReloadAssembly
Native extension for WindowsStandalone target not found
Refreshing native plugins compatible for Editor in 1.53 ms, found 3 plugins.
Preloading 0 native plugins for Editor in 0.00 ms.
Mono: successfully reloaded assembly
- Completed reload, in  3.005 seconds
Platform modules already initialized, skipping
Refreshing native plugins compatible for Editor in 1.04 ms, found 3 plugins.
Preloading 0 native plugins for Editor in 0.00 ms.
Unloading 2099 Unused Serialized files (Serialized files now loaded: 0)
System memory in use before: 94.8 MB.
System memory in use after: 94.9 MB.

Unloading 16 unused Assets to reduce memory usage. Loaded Objects now: 2598.
Total: 4.326500 ms (FindLiveObjects: 0.377000 ms CreateObjectMapping: 0.157600 ms MarkObjects: 3.765700 ms  DeleteObjects: 0.023700 ms)

========================================================================
Received Prepare
Registering precompiled user dll's ...
Registered in 0.016497 seconds.
Begin MonoManager ReloadAssembly
Native extension for WindowsStandalone target not found
Refreshing native plugins compatible for Editor in 1.00 ms, found 3 plugins.
Preloading 0 native plugins for Editor in 0.00 ms.
Mono: successfully reloaded assembly
- Completed reload, in  3.184 seconds
Platform modules already initialized, skipping
Refreshing native plugins compatible for Editor in 1.11 ms, found 3 plugins.
Preloading 0 native plugins for Editor in 0.00 ms.
Unloading 2099 Unused Serialized files (Serialized files now loaded: 0)
System memory in use before: 94.8 MB.
System memory in use after: 94.9 MB.

Unloading 16 unused Assets to reduce memory usage. Loaded Objects now: 2601.
Total: 7.482000 ms (FindLiveObjects: 0.419200 ms CreateObjectMapping: 0.146700 ms MarkObjects: 6.873000 ms  DeleteObjects: 0.040000 ms)

========================================================================
Received Import Request.
  Time since last request: 974.329834 seconds.
  path: Assets/RW/Prefabs/roomtap 1.prefab
  artifactKey: Guid(5b787f909c80a44b0b02cdfe22f7814a) Importer(815301076,1909f56bfc062723c751e8b465ee728b)
Start importing Assets/RW/Prefabs/roomtap 1.prefab using Guid(5b787f909c80a44b0b02cdfe22f7814a) Importer(815301076,1909f56bfc062723c751e8b465ee728b)  -> (artifact id: 'b74437b7e41b3b8753242446e2609e9f') in 0.265066 seconds 
========================================================================
Received Prepare
Registering precompiled user dll's ...
Registered in 0.010715 seconds.
Begin MonoManager ReloadAssembly
Native extension for WindowsStandalone target not found
Refreshing native plugins compatible for Editor in 0.99 ms, found 3 plugins.
Preloading 0 native plugins for Editor in 0.00 ms.
Mono: successfully reloaded assembly
- Completed reload, in  2.837 seconds
Platform modules already initialized, skipping
Refreshing native plugins compatible for Editor in 2.18 ms, found 3 plugins.
Preloading 0 native plugins for Editor in 0.00 ms.
Unloading 2099 Unused Serialized files (Serialized files now loaded: 0)
System memory in use before: 98.4 MB.
System memory in use after: 98.5 MB.

Unloading 16 unused Assets to reduce memory usage. Loaded Objects now: 2611.
Total: 11.023100 ms (FindLiveObjects: 0.812700 ms CreateObjectMapping: 0.160000 ms MarkObjects: 9.998700 ms  DeleteObjects: 0.047700 ms)

========================================================================
Received Prepare
Registering precompiled user dll's ...
Registered in 0.018172 seconds.
Begin MonoManager ReloadAssembly
Native extension for WindowsStandalone target not found
Refreshing native plugins compatible for Editor in 0.67 ms, found 3 plugins.
Preloading 0 native plugins for Editor in 0.00 ms.
Mono: successfully reloaded assembly
- Completed reload, in  2.639 seconds
Platform modules already initialized, skipping
Refreshing native plugins compatible for Editor in 1.21 ms, found 3 plugins.
Preloading 0 native plugins for Editor in 0.00 ms.
Unloading 2099 Unused Serialized files (Serialized files now loaded: 0)
System memory in use before: 98.4 MB.
System memory in use after: 98.5 MB.

Unloading 16 unused Assets to reduce memory usage. Loaded Objects now: 2614.
Total: 7.485100 ms (FindLiveObjects: 0.439500 ms CreateObjectMapping: 0.202700 ms MarkObjects: 6.793000 ms  DeleteObjects: 0.047400 ms)

========================================================================
Received Import Request.
  Time since last request: 3506.185980 seconds.
  path: Assets/RW/Scripts
  artifactKey: Guid(2acc740995e8ed04ab91e8cb51fa494d) Importer(815301076,1909f56bfc062723c751e8b465ee728b)
Start importing Assets/RW/Scripts using Guid(2acc740995e8ed04ab91e8cb51fa494d) Importer(815301076,1909f56bfc062723c751e8b465ee728b)  -> (artifact id: 'a7b884c65e16d9082bb9672598c7aa2e') in 0.018562 seconds 
========================================================================
Received Import Request.
  Time since last request: 51.288604 seconds.
  path: Assets/RW/Scripts/GameController.cs
  artifactKey: Guid(7e0753ad88d7be9478e51cea63048845) Importer(815301076,1909f56bfc062723c751e8b465ee728b)
Start importing Assets/RW/Scripts/GameController.cs using Guid(7e0753ad88d7be9478e51cea63048845) Importer(815301076,1909f56bfc062723c751e8b465ee728b)  -> (artifact id: '9746796f1fcf1d170b18d7eb75dc79da') in 0.032311 seconds 
========================================================================
Received Prepare
Registering precompiled user dll's ...
Registered in 0.014547 seconds.
Begin MonoManager ReloadAssembly
Native extension for WindowsStandalone target not found
Refreshing native plugins compatible for Editor in 1.18 ms, found 3 plugins.
Preloading 0 native plugins for Editor in 0.00 ms.
Mono: successfully reloaded assembly
- Completed reload, in  3.521 seconds
Platform modules already initialized, skipping
Refreshing native plugins compatible for Editor in 1.25 ms, found 3 plugins.
Preloading 0 native plugins for Editor in 0.00 ms.
Unloading 2100 Unused Serialized files (Serialized files now loaded: 0)
System memory in use before: 98.4 MB.
System memory in use after: 98.6 MB.

Unloading 16 unused Assets to reduce memory usage. Loaded Objects now: 2618.
Total: 9.359500 ms (FindLiveObjects: 0.562300 ms CreateObjectMapping: 0.323500 ms MarkObjects: 8.417600 ms  DeleteObjects: 0.052600 ms)

========================================================================
Received Import Request.
  Time since last request: 1756.184751 seconds.
  path: Assets/RW/Scripts/GameController.cs
  artifactKey: Guid(7e0753ad88d7be9478e51cea63048845) Importer(815301076,1909f56bfc062723c751e8b465ee728b)
Start importing Assets/RW/Scripts/GameController.cs using Guid(7e0753ad88d7be9478e51cea63048845) Importer(815301076,1909f56bfc062723c751e8b465ee728b)  -> (artifact id: '1124ff072eaaf81b95882cb88f2781be') in 0.017499 seconds 
========================================================================
Received Import Request.
  Time since last request: 77.857357 seconds.
  path: Assets/RW/Scripts/GameController.cs
  artifactKey: Guid(7e0753ad88d7be9478e51cea63048845) Importer(815301076,1909f56bfc062723c751e8b465ee728b)
Start importing Assets/RW/Scripts/GameController.cs using Guid(7e0753ad88d7be9478e51cea63048845) Importer(815301076,1909f56bfc062723c751e8b465ee728b)  -> (artifact id: '49654836dbe2a89d06b195a6e594e97b') in 0.009111 seconds 
========================================================================
Received Import Request.
  Time since last request: 262.643817 seconds.
  path: Assets/RW/Scripts/GameController.cs
  artifactKey: Guid(7e0753ad88d7be9478e51cea63048845) Importer(815301076,1909f56bfc062723c751e8b465ee728b)
Start importing Assets/RW/Scripts/GameController.cs using Guid(7e0753ad88d7be9478e51cea63048845) Importer(815301076,1909f56bfc062723c751e8b465ee728b)  -> (artifact id: '8eafdb9dee89c5742dac73bdcc98dd71') in 0.008917 seconds 
========================================================================
Received Import Request.
  Time since last request: 236.860632 seconds.
  path: Assets/RW/Scripts/GameController.cs
  artifactKey: Guid(7e0753ad88d7be9478e51cea63048845) Importer(815301076,1909f56bfc062723c751e8b465ee728b)
Start importing Assets/RW/Scripts/GameController.cs using Guid(7e0753ad88d7be9478e51cea63048845) Importer(815301076,1909f56bfc062723c751e8b465ee728b)  -> (artifact id: '2fa1c0caeaa02ff5fed464e981d9a703') in 0.009406 seconds 
========================================================================
Received Import Request.
  Time since last request: 155.149868 seconds.
  path: Assets/RW/Scripts/GameController.cs
  artifactKey: Guid(7e0753ad88d7be9478e51cea63048845) Importer(815301076,1909f56bfc062723c751e8b465ee728b)
Start importing Assets/RW/Scripts/GameController.cs using Guid(7e0753ad88d7be9478e51cea63048845) Importer(815301076,1909f56bfc062723c751e8b465ee728b)  -> (artifact id: '9696af99209e86754a3cfb16444d9a4a') in 0.007914 seconds 
========================================================================
Received Import Request.
  Time since last request: 16.340925 seconds.
  path: Assets/RW/Scripts/GameController.cs
  artifactKey: Guid(7e0753ad88d7be9478e51cea63048845) Importer(815301076,1909f56bfc062723c751e8b465ee728b)
Start importing Assets/RW/Scripts/GameController.cs using Guid(7e0753ad88d7be9478e51cea63048845) Importer(815301076,1909f56bfc062723c751e8b465ee728b)  -> (artifact id: '87aff34708ce2d0b4fee9b8551f0934a') in 0.009866 seconds 
========================================================================
Received Import Request.
  Time since last request: 163.131459 seconds.
  path: Assets/RW/Scripts/GameController.cs
  artifactKey: Guid(7e0753ad88d7be9478e51cea63048845) Importer(815301076,1909f56bfc062723c751e8b465ee728b)
Start importing Assets/RW/Scripts/GameController.cs using Guid(7e0753ad88d7be9478e51cea63048845) Importer(815301076,1909f56bfc062723c751e8b465ee728b)  -> (artifact id: '52689ca5a8681b65f34db260889dd2b5') in 0.009093 seconds 
========================================================================
Received Import Request.
  Time since last request: 92.163014 seconds.
  path: Assets/RW/Scripts/GameController.cs
  artifactKey: Guid(7e0753ad88d7be9478e51cea63048845) Importer(815301076,1909f56bfc062723c751e8b465ee728b)
Start importing Assets/RW/Scripts/GameController.cs using Guid(7e0753ad88d7be9478e51cea63048845) Importer(815301076,1909f56bfc062723c751e8b465ee728b)  -> (artifact id: '994e078ba3dc8b205052104926756c3f') in 0.008073 seconds 
========================================================================
Received Import Request.
  Time since last request: 73.001574 seconds.
  path: Assets/RW/Scripts/UIBomb.cs
  artifactKey: Guid(1cfb8069862214f4db62b9198f142de2) Importer(815301076,1909f56bfc062723c751e8b465ee728b)
Start importing Assets/RW/Scripts/UIBomb.cs using Guid(1cfb8069862214f4db62b9198f142de2) Importer(815301076,1909f56bfc062723c751e8b465ee728b)  -> (artifact id: '8ecf1f4b0cc3a8cefecf8dd6f6938994') in 0.010374 seconds 
========================================================================
Received Import Request.
  Time since last request: 58.054740 seconds.
  path: Assets/RW/Scripts/UIBomb.cs
  artifactKey: Guid(1cfb8069862214f4db62b9198f142de2) Importer(815301076,1909f56bfc062723c751e8b465ee728b)
Start importing Assets/RW/Scripts/UIBomb.cs using Guid(1cfb8069862214f4db62b9198f142de2) Importer(815301076,1909f56bfc062723c751e8b465ee728b)  -> (artifact id: 'd7d6e228639c30d2397fb8c7be63d28f') in 0.015468 seconds 
========================================================================
Received Import Request.
  Time since last request: 44.732465 seconds.
  path: Assets/RW/Scripts/UIRestartGame.cs
  artifactKey: Guid(08fb4eaf344dd4f4a88df04c3498de03) Importer(815301076,1909f56bfc062723c751e8b465ee728b)
Start importing Assets/RW/Scripts/UIRestartGame.cs using Guid(08fb4eaf344dd4f4a88df04c3498de03) Importer(815301076,1909f56bfc062723c751e8b465ee728b)  -> (artifact id: 'e9b1602dd9c2ee5bfccf1c96d05dc606') in 0.010272 seconds 
========================================================================
Received Import Request.
  Time since last request: 29.549059 seconds.
  path: Assets/RW/Scripts/UIRestartGame.cs
  artifactKey: Guid(08fb4eaf344dd4f4a88df04c3498de03) Importer(815301076,1909f56bfc062723c751e8b465ee728b)
Start importing Assets/RW/Scripts/UIRestartGame.cs using Guid(08fb4eaf344dd4f4a88df04c3498de03) Importer(815301076,1909f56bfc062723c751e8b465ee728b)  -> (artifact id: 'ac3203c6d819e28acfd27eebeb1cbbdd') in 0.021927 seconds 
========================================================================
Received Import Request.
  Time since last request: 8.984926 seconds.
  path: Assets/RW/Scripts/UIRestartGame.cs
  artifactKey: Guid(08fb4eaf344dd4f4a88df04c3498de03) Importer(815301076,1909f56bfc062723c751e8b465ee728b)
Start importing Assets/RW/Scripts/UIRestartGame.cs using Guid(08fb4eaf344dd4f4a88df04c3498de03) Importer(815301076,1909f56bfc062723c751e8b465ee728b)  -> (artifact id: 'e8901c6e0ce49bb66d41f27483f7b12c') in 0.015707 seconds 
========================================================================
Received Import Request.
  Time since last request: 2.530442 seconds.
  path: Assets/RW/Scripts/UIRestartGame.cs
  artifactKey: Guid(08fb4eaf344dd4f4a88df04c3498de03) Importer(815301076,1909f56bfc062723c751e8b465ee728b)
Start importing Assets/RW/Scripts/UIRestartGame.cs using Guid(08fb4eaf344dd4f4a88df04c3498de03) Importer(815301076,1909f56bfc062723c751e8b465ee728b)  -> (artifact id: 'c0fba2481f7e84c0fefd424a616e5996') in 0.008432 seconds 
========================================================================
Received Import Request.
  Time since last request: 156.037327 seconds.
  path: Assets/RW/Scripts/FishesType.cs
  artifactKey: Guid(729298e8eb989a34db818362b423ec6d) Importer(815301076,1909f56bfc062723c751e8b465ee728b)
Start importing Assets/RW/Scripts/FishesType.cs using Guid(729298e8eb989a34db818362b423ec6d) Importer(815301076,1909f56bfc062723c751e8b465ee728b)  -> (artifact id: '4ba6071bcb8605e96d6e61f2bc634fae') in 0.010120 seconds 
========================================================================
Received Import Request.
  Time since last request: 139.737022 seconds.
  path: Assets/RW/Scripts/FishesType.cs
  artifactKey: Guid(729298e8eb989a34db818362b423ec6d) Importer(815301076,1909f56bfc062723c751e8b465ee728b)
Start importing Assets/RW/Scripts/FishesType.cs using Guid(729298e8eb989a34db818362b423ec6d) Importer(815301076,1909f56bfc062723c751e8b465ee728b)  -> (artifact id: 'c6a59497b480c7415019c9a0240e48cb') in 0.009265 seconds 
========================================================================
Received Prepare
Registering precompiled user dll's ...
Registered in 0.019172 seconds.
Begin MonoManager ReloadAssembly
Native extension for WindowsStandalone target not found
Refreshing native plugins compatible for Editor in 1.00 ms, found 3 plugins.
Preloading 0 native plugins for Editor in 0.00 ms.
Mono: successfully reloaded assembly
- Completed reload, in  3.752 seconds
Platform modules already initialized, skipping
Refreshing native plugins compatible for Editor in 1.08 ms, found 3 plugins.
Preloading 0 native plugins for Editor in 0.00 ms.
Unloading 2103 Unused Serialized files (Serialized files now loaded: 0)
System memory in use before: 98.5 MB.
System memory in use after: 98.7 MB.

Unloading 16 unused Assets to reduce memory usage. Loaded Objects now: 2624.
Total: 7.740000 ms (FindLiveObjects: 0.476600 ms CreateObjectMapping: 0.183300 ms MarkObjects: 7.027800 ms  DeleteObjects: 0.049000 ms)

========================================================================
Received Prepare
Registering precompiled user dll's ...
Registered in 0.018093 seconds.
Begin MonoManager ReloadAssembly
Native extension for WindowsStandalone target not found
Refreshing native plugins compatible for Editor in 1.00 ms, found 3 plugins.
Preloading 0 native plugins for Editor in 0.00 ms.
Mono: successfully reloaded assembly
- Completed reload, in  3.528 seconds
Platform modules already initialized, skipping
Refreshing native plugins compatible for Editor in 2.02 ms, found 3 plugins.
Preloading 0 native plugins for Editor in 0.00 ms.
Unloading 2103 Unused Serialized files (Serialized files now loaded: 0)
System memory in use before: 98.5 MB.
System memory in use after: 98.7 MB.

Unloading 16 unused Assets to reduce memory usage. Loaded Objects now: 2627.
Total: 6.201400 ms (FindLiveObjects: 0.554900 ms CreateObjectMapping: 0.359200 ms MarkObjects: 5.247800 ms  DeleteObjects: 0.035900 ms)

========================================================================
Received Prepare
Registering precompiled user dll's ...
Registered in 0.020640 seconds.
Begin MonoManager ReloadAssembly
Native extension for WindowsStandalone target not found
Refreshing native plugins compatible for Editor in 1.05 ms, found 3 plugins.
Preloading 0 native plugins for Editor in 0.00 ms.
Mono: successfully reloaded assembly
- Completed reload, in  4.073 seconds
Platform modules already initialized, skipping
Refreshing native plugins compatible for Editor in 1.62 ms, found 3 plugins.
Preloading 0 native plugins for Editor in 0.00 ms.
Unloading 2103 Unused Serialized files (Serialized files now loaded: 0)
System memory in use before: 98.5 MB.
System memory in use after: 98.7 MB.

Unloading 16 unused Assets to reduce memory usage. Loaded Objects now: 2630.
Total: 8.422000 ms (FindLiveObjects: 0.391200 ms CreateObjectMapping: 0.143000 ms MarkObjects: 7.834300 ms  DeleteObjects: 0.051100 ms)

========================================================================
Received Import Request.
  Time since last request: 53.220825 seconds.
  path: Assets/RW/Scripts/Tapping mode
  artifactKey: Guid(6d078cebde41c4056b4a4e96a85b3388) Importer(815301076,1909f56bfc062723c751e8b465ee728b)
Start importing Assets/RW/Scripts/Tapping mode using Guid(6d078cebde41c4056b4a4e96a85b3388) Importer(815301076,1909f56bfc062723c751e8b465ee728b)  -> (artifact id: '8d9174217e9652500160f7a11397129b') in 0.017668 seconds 
========================================================================
Received Import Request.
  Time since last request: 3.208126 seconds.
  path: Assets/RW/Scripts/Tapping mode/SharkController.cs
  artifactKey: Guid(3c8c2c4118a8b4f52a285b62ca38ea96) Importer(815301076,1909f56bfc062723c751e8b465ee728b)
Start importing Assets/RW/Scripts/Tapping mode/SharkController.cs using Guid(3c8c2c4118a8b4f52a285b62ca38ea96) Importer(815301076,1909f56bfc062723c751e8b465ee728b)  -> (artifact id: '41bd0954677524bacdb6d554ab0a96a6') in 0.006736 seconds 
========================================================================
Received Import Request.
  Time since last request: 646.417903 seconds.
  path: Assets/RW/Scripts/Tapping mode/FishesType.cs
  artifactKey: Guid(729298e8eb989a34db818362b423ec6d) Importer(815301076,1909f56bfc062723c751e8b465ee728b)
Start importing Assets/RW/Scripts/Tapping mode/FishesType.cs using Guid(729298e8eb989a34db818362b423ec6d) Importer(815301076,1909f56bfc062723c751e8b465ee728b)  -> (artifact id: '4c78b736c335d018af9e0ddf1927e8ed') in 0.009948 seconds 
========================================================================
Received Import Request.
  Time since last request: 113.670150 seconds.
  path: Assets/RW/Scripts/Tapping mode/FishesType.cs
  artifactKey: Guid(729298e8eb989a34db818362b423ec6d) Importer(815301076,1909f56bfc062723c751e8b465ee728b)
Start importing Assets/RW/Scripts/Tapping mode/FishesType.cs using Guid(729298e8eb989a34db818362b423ec6d) Importer(815301076,1909f56bfc062723c751e8b465ee728b)  -> (artifact id: '83668076bb296d66a22b76b87a905b16') in 0.010244 seconds 
========================================================================
Received Import Request.
  Time since last request: 114.826091 seconds.
  path: Assets/RW/Scripts/Tapping mode/FishesType.cs
  artifactKey: Guid(729298e8eb989a34db818362b423ec6d) Importer(815301076,1909f56bfc062723c751e8b465ee728b)
Start importing Assets/RW/Scripts/Tapping mode/FishesType.cs using Guid(729298e8eb989a34db818362b423ec6d) Importer(815301076,1909f56bfc062723c751e8b465ee728b)  -> (artifact id: 'd3fd76926affd426c6389e6851b5d2b8') in 0.012585 seconds 
========================================================================
Received Import Request.
  Time since last request: 67.278687 seconds.
  path: Assets/RW/Scripts/Tapping mode/UIBomb.cs
  artifactKey: Guid(1cfb8069862214f4db62b9198f142de2) Importer(815301076,1909f56bfc062723c751e8b465ee728b)
Start importing Assets/RW/Scripts/Tapping mode/UIBomb.cs using Guid(1cfb8069862214f4db62b9198f142de2) Importer(815301076,1909f56bfc062723c751e8b465ee728b)  -> (artifact id: '5ce2939d59705b4bbcf292f5cb76f4fd') in 0.008575 seconds 
========================================================================
Received Prepare
Registering precompiled user dll's ...
Registered in 0.017937 seconds.
Begin MonoManager ReloadAssembly
Native extension for WindowsStandalone target not found
Refreshing native plugins compatible for Editor in 0.95 ms, found 3 plugins.
Preloading 0 native plugins for Editor in 0.00 ms.
Mono: successfully reloaded assembly
- Completed reload, in  3.532 seconds
Platform modules already initialized, skipping
Refreshing native plugins compatible for Editor in 1.08 ms, found 3 plugins.
Preloading 0 native plugins for Editor in 0.00 ms.
Unloading 2103 Unused Serialized files (Serialized files now loaded: 0)
System memory in use before: 98.6 MB.
System memory in use after: 98.7 MB.

Unloading 16 unused Assets to reduce memory usage. Loaded Objects now: 2633.
Total: 7.729000 ms (FindLiveObjects: 0.549200 ms CreateObjectMapping: 0.254400 ms MarkObjects: 6.881100 ms  DeleteObjects: 0.041600 ms)

========================================================================
Received Prepare
Registering precompiled user dll's ...
Registered in 0.018426 seconds.
Begin MonoManager ReloadAssembly
Native extension for WindowsStandalone target not found
Refreshing native plugins compatible for Editor in 1.07 ms, found 3 plugins.
Preloading 0 native plugins for Editor in 0.00 ms.
Mono: successfully reloaded assembly
- Completed reload, in  2.878 seconds
Platform modules already initialized, skipping
Refreshing native plugins compatible for Editor in 1.18 ms, found 3 plugins.
Preloading 0 native plugins for Editor in 0.00 ms.
Unloading 2103 Unused Serialized files (Serialized files now loaded: 0)
System memory in use before: 98.6 MB.
System memory in use after: 98.7 MB.

Unloading 16 unused Assets to reduce memory usage. Loaded Objects now: 2636.
Total: 7.002700 ms (FindLiveObjects: 0.390000 ms CreateObjectMapping: 0.134900 ms MarkObjects: 6.431700 ms  DeleteObjects: 0.043600 ms)

========================================================================
Received Import Request.
  Time since last request: 176.256452 seconds.
  path: Assets/RW/Sprites/Shark1.png
  artifactKey: Guid(f18a791e72832cb40bd987f097019170) Importer(815301076,1909f56bfc062723c751e8b465ee728b)
Start importing Assets/RW/Sprites/Shark1.png using Guid(f18a791e72832cb40bd987f097019170) Importer(815301076,1909f56bfc062723c751e8b465ee728b)  -> (artifact id: 'a2784af826abb9b2616c68159727f1df') in 0.246586 seconds 
========================================================================
Received Import Request.
  Time since last request: 65.701741 seconds.
  path: Assets/RW/Scripts/Tapping mode/SharkController.cs
  artifactKey: Guid(3c8c2c4118a8b4f52a285b62ca38ea96) Importer(815301076,1909f56bfc062723c751e8b465ee728b)
Start importing Assets/RW/Scripts/Tapping mode/SharkController.cs using Guid(3c8c2c4118a8b4f52a285b62ca38ea96) Importer(815301076,1909f56bfc062723c751e8b465ee728b)  -> (artifact id: '9004e23ff8bc490e1e9e74df6b110ad2') in 0.007946 seconds 
========================================================================
Received Prepare
Registering precompiled user dll's ...
Registered in 0.018228 seconds.
Begin MonoManager ReloadAssembly
Native extension for WindowsStandalone target not found
Refreshing native plugins compatible for Editor in 1.65 ms, found 3 plugins.
Preloading 0 native plugins for Editor in 0.00 ms.
Mono: successfully reloaded assembly
- Completed reload, in  3.316 seconds
Platform modules already initialized, skipping
Refreshing native plugins compatible for Editor in 1.04 ms, found 3 plugins.
Preloading 0 native plugins for Editor in 0.00 ms.
Unloading 2104 Unused Serialized files (Serialized files now loaded: 0)
System memory in use before: 102.5 MB.
System memory in use after: 102.7 MB.

Unloading 16 unused Assets to reduce memory usage. Loaded Objects now: 2658.
Total: 7.727500 ms (FindLiveObjects: 0.385800 ms CreateObjectMapping: 0.132600 ms MarkObjects: 7.159200 ms  DeleteObjects: 0.047700 ms)

========================================================================
Received Import Request.
  Time since last request: 144.349332 seconds.
  path: Assets/RW/Prefabs/Shark1.prefab
  artifactKey: Guid(426599f4f77288e42b61c5625b9a40f3) Importer(815301076,1909f56bfc062723c751e8b465ee728b)
Start importing Assets/RW/Prefabs/Shark1.prefab using Guid(426599f4f77288e42b61c5625b9a40f3) Importer(815301076,1909f56bfc062723c751e8b465ee728b)  -> (artifact id: '3717b8284e61f4e3acef5c3ae83d41bf') in 0.156696 seconds 
========================================================================
Received Import Request.
  Time since last request: 7.461393 seconds.
  path: Assets/RW/Prefabs/Shark.prefab
  artifactKey: Guid(426599f4f77288e42b61c5625b9a40f3) Importer(815301076,1909f56bfc062723c751e8b465ee728b)
Start importing Assets/RW/Prefabs/Shark.prefab using Guid(426599f4f77288e42b61c5625b9a40f3) Importer(815301076,1909f56bfc062723c751e8b465ee728b)  -> (artifact id: '0cef63300e3b15e1bd443e487cfec822') in 0.027661 seconds 
========================================================================
Received Prepare
Registering precompiled user dll's ...
Registered in 0.011612 seconds.
Begin MonoManager ReloadAssembly
Native extension for WindowsStandalone target not found
Refreshing native plugins compatible for Editor in 1.11 ms, found 3 plugins.
Preloading 0 native plugins for Editor in 0.00 ms.
Mono: successfully reloaded assembly
- Completed reload, in  3.351 seconds
Platform modules already initialized, skipping
Refreshing native plugins compatible for Editor in 2.11 ms, found 3 plugins.
Preloading 0 native plugins for Editor in 0.00 ms.
Unloading 2103 Unused Serialized files (Serialized files now loaded: 0)
System memory in use before: 102.5 MB.
System memory in use after: 102.6 MB.

Unloading 16 unused Assets to reduce memory usage. Loaded Objects now: 2662.
Total: 12.489400 ms (FindLiveObjects: 0.966500 ms CreateObjectMapping: 0.278200 ms MarkObjects: 11.165700 ms  DeleteObjects: 0.073900 ms)

========================================================================
Received Prepare
Registering precompiled user dll's ...
Registered in 0.016093 seconds.
Begin MonoManager ReloadAssembly
Native extension for WindowsStandalone target not found
Refreshing native plugins compatible for Editor in 0.93 ms, found 3 plugins.
Preloading 0 native plugins for Editor in 0.00 ms.
Mono: successfully reloaded assembly
- Completed reload, in  3.299 seconds
Platform modules already initialized, skipping
Refreshing native plugins compatible for Editor in 2.69 ms, found 3 plugins.
Preloading 0 native plugins for Editor in 0.00 ms.
Unloading 2103 Unused Serialized files (Serialized files now loaded: 0)
System memory in use before: 102.5 MB.
System memory in use after: 102.6 MB.

Unloading 16 unused Assets to reduce memory usage. Loaded Objects now: 2665.
Total: 11.293600 ms (FindLiveObjects: 0.497500 ms CreateObjectMapping: 0.304900 ms MarkObjects: 10.410600 ms  DeleteObjects: 0.076600 ms)

========================================================================
Received Prepare
Registering precompiled user dll's ...
Registered in 0.032971 seconds.
Begin MonoManager ReloadAssembly
Native extension for WindowsStandalone target not found
Refreshing native plugins compatible for Editor in 1.09 ms, found 3 plugins.
Preloading 0 native plugins for Editor in 0.00 ms.
Mono: successfully reloaded assembly
- Completed reload, in  3.478 seconds
Platform modules already initialized, skipping
Refreshing native plugins compatible for Editor in 1.11 ms, found 3 plugins.
Preloading 0 native plugins for Editor in 0.00 ms.
Unloading 2103 Unused Serialized files (Serialized files now loaded: 0)
System memory in use before: 102.5 MB.
System memory in use after: 102.6 MB.

Unloading 16 unused Assets to reduce memory usage. Loaded Objects now: 2668.
Total: 6.857200 ms (FindLiveObjects: 0.393500 ms CreateObjectMapping: 0.143300 ms MarkObjects: 6.277600 ms  DeleteObjects: 0.040200 ms)

========================================================================
Received Prepare
Registering precompiled user dll's ...
Registered in 0.019268 seconds.
Begin MonoManager ReloadAssembly
Native extension for WindowsStandalone target not found
Refreshing native plugins compatible for Editor in 1.21 ms, found 3 plugins.
Preloading 0 native plugins for Editor in 0.00 ms.
Mono: successfully reloaded assembly
- Completed reload, in  3.241 seconds
Platform modules already initialized, skipping
Refreshing native plugins compatible for Editor in 1.06 ms, found 3 plugins.
Preloading 0 native plugins for Editor in 0.00 ms.
Unloading 2103 Unused Serialized files (Serialized files now loaded: 0)
System memory in use before: 102.5 MB.
System memory in use after: 102.6 MB.

Unloading 16 unused Assets to reduce memory usage. Loaded Objects now: 2671.
Total: 6.859600 ms (FindLiveObjects: 0.390100 ms CreateObjectMapping: 0.140900 ms MarkObjects: 6.284900 ms  DeleteObjects: 0.041200 ms)

========================================================================
Received Prepare
Registering precompiled user dll's ...
Registered in 0.018131 seconds.
Begin MonoManager ReloadAssembly
Native extension for WindowsStandalone target not found
Refreshing native plugins compatible for Editor in 1.36 ms, found 3 plugins.
Preloading 0 native plugins for Editor in 0.00 ms.
Mono: successfully reloaded assembly
- Completed reload, in  3.531 seconds
Platform modules already initialized, skipping
Refreshing native plugins compatible for Editor in 0.89 ms, found 3 plugins.
Preloading 0 native plugins for Editor in 0.00 ms.
Unloading 2103 Unused Serialized files (Serialized files now loaded: 0)
System memory in use before: 102.5 MB.
System memory in use after: 102.7 MB.

Unloading 16 unused Assets to reduce memory usage. Loaded Objects now: 2674.
Total: 8.450000 ms (FindLiveObjects: 0.517100 ms CreateObjectMapping: 0.208100 ms MarkObjects: 7.668900 ms  DeleteObjects: 0.052000 ms)

========================================================================
Received Prepare
Registering precompiled user dll's ...
Registered in 0.017442 seconds.
Begin MonoManager ReloadAssembly
Native extension for WindowsStandalone target not found
Refreshing native plugins compatible for Editor in 1.22 ms, found 3 plugins.
Preloading 0 native plugins for Editor in 0.00 ms.
Mono: successfully reloaded assembly
- Completed reload, in  3.121 seconds
Platform modules already initialized, skipping
Refreshing native plugins compatible for Editor in 1.55 ms, found 3 plugins.
Preloading 0 native plugins for Editor in 0.00 ms.
Unloading 2103 Unused Serialized files (Serialized files now loaded: 0)
System memory in use before: 102.5 MB.
System memory in use after: 102.7 MB.

Unloading 16 unused Assets to reduce memory usage. Loaded Objects now: 2677.
Total: 11.606300 ms (FindLiveObjects: 0.717900 ms CreateObjectMapping: 0.239700 ms MarkObjects: 10.581900 ms  DeleteObjects: 0.061500 ms)

========================================================================
Received Prepare
Registering precompiled user dll's ...
Registered in 0.016372 seconds.
Begin MonoManager ReloadAssembly
Native extension for WindowsStandalone target not found
Refreshing native plugins compatible for Editor in 1.63 ms, found 3 plugins.
Preloading 0 native plugins for Editor in 0.00 ms.
Mono: successfully reloaded assembly
- Completed reload, in  3.331 seconds
Platform modules already initialized, skipping
Refreshing native plugins compatible for Editor in 1.71 ms, found 3 plugins.
Preloading 0 native plugins for Editor in 0.00 ms.
Unloading 2103 Unused Serialized files (Serialized files now loaded: 0)
System memory in use before: 102.5 MB.
System memory in use after: 102.7 MB.

Unloading 16 unused Assets to reduce memory usage. Loaded Objects now: 2680.
Total: 8.967300 ms (FindLiveObjects: 0.489900 ms CreateObjectMapping: 0.177700 ms MarkObjects: 8.221700 ms  DeleteObjects: 0.074600 ms)

========================================================================
Received Prepare
Registering precompiled user dll's ...
Registered in 0.018154 seconds.
Begin MonoManager ReloadAssembly
Native extension for WindowsStandalone target not found
Refreshing native plugins compatible for Editor in 1.33 ms, found 3 plugins.
Preloading 0 native plugins for Editor in 0.00 ms.
Mono: successfully reloaded assembly
- Completed reload, in  3.193 seconds
Platform modules already initialized, skipping
Refreshing native plugins compatible for Editor in 1.41 ms, found 3 plugins.
Preloading 0 native plugins for Editor in 0.00 ms.
Unloading 2103 Unused Serialized files (Serialized files now loaded: 0)
System memory in use before: 102.6 MB.
System memory in use after: 102.7 MB.

Unloading 16 unused Assets to reduce memory usage. Loaded Objects now: 2683.
Total: 6.923200 ms (FindLiveObjects: 0.460800 ms CreateObjectMapping: 0.169900 ms MarkObjects: 6.250500 ms  DeleteObjects: 0.039300 ms)

========================================================================
Received Import Request.
  Time since last request: 1059.718269 seconds.
  path: Assets/RW/Scripts/Tapping mode/ObjectPool.cs
  artifactKey: Guid(5503451f5c69cbd49b56b8527fd3550e) Importer(815301076,1909f56bfc062723c751e8b465ee728b)
Start importing Assets/RW/Scripts/Tapping mode/ObjectPool.cs using Guid(5503451f5c69cbd49b56b8527fd3550e) Importer(815301076,1909f56bfc062723c751e8b465ee728b)  -> (artifact id: '89b8ffe0aed8fd67717140c7a7873ad2') in 0.018747 seconds 
========================================================================
Received Prepare
Registering precompiled user dll's ...
Registered in 0.010528 seconds.
Begin MonoManager ReloadAssembly
Native extension for WindowsStandalone target not found
Refreshing native plugins compatible for Editor in 1.05 ms, found 3 plugins.
Preloading 0 native plugins for Editor in 0.00 ms.
Mono: successfully reloaded assembly
- Completed reload, in  3.908 seconds
Platform modules already initialized, skipping
Refreshing native plugins compatible for Editor in 0.81 ms, found 3 plugins.
Preloading 0 native plugins for Editor in 0.00 ms.
Unloading 2104 Unused Serialized files (Serialized files now loaded: 0)
System memory in use before: 102.6 MB.
System memory in use after: 102.7 MB.

Unloading 16 unused Assets to reduce memory usage. Loaded Objects now: 2687.
Total: 7.263700 ms (FindLiveObjects: 0.481000 ms CreateObjectMapping: 0.157400 ms MarkObjects: 6.583000 ms  DeleteObjects: 0.039800 ms)

========================================================================
Received Import Request.
  Time since last request: 1499.553012 seconds.
  path: Assets/RW/Scripts/Tapping mode/ObjectPool.cs
  artifactKey: Guid(5503451f5c69cbd49b56b8527fd3550e) Importer(815301076,1909f56bfc062723c751e8b465ee728b)
Start importing Assets/RW/Scripts/Tapping mode/ObjectPool.cs using Guid(5503451f5c69cbd49b56b8527fd3550e) Importer(815301076,1909f56bfc062723c751e8b465ee728b)  -> (artifact id: 'abc856a6ba86de75632e570cff7c750e') in 0.016842 seconds 
========================================================================
Received Prepare
Registering precompiled user dll's ...
Registered in 0.014310 seconds.
Begin MonoManager ReloadAssembly
Native extension for WindowsStandalone target not found
Refreshing native plugins compatible for Editor in 1.44 ms, found 3 plugins.
Preloading 0 native plugins for Editor in 0.00 ms.
Mono: successfully reloaded assembly
- Completed reload, in  2.952 seconds
Platform modules already initialized, skipping
Refreshing native plugins compatible for Editor in 0.67 ms, found 3 plugins.
Preloading 0 native plugins for Editor in 0.00 ms.
Unloading 2104 Unused Serialized files (Serialized files now loaded: 0)
System memory in use before: 102.6 MB.
System memory in use after: 102.7 MB.

Unloading 16 unused Assets to reduce memory usage. Loaded Objects now: 2690.
Total: 7.651400 ms (FindLiveObjects: 0.575800 ms CreateObjectMapping: 0.351400 ms MarkObjects: 6.678600 ms  DeleteObjects: 0.042300 ms)

========================================================================
Received Import Request.
  Time since last request: 226.605589 seconds.
  path: Assets/RW/Scripts/Tapping mode/ObjectPool.cs
  artifactKey: Guid(5503451f5c69cbd49b56b8527fd3550e) Importer(815301076,1909f56bfc062723c751e8b465ee728b)
Start importing Assets/RW/Scripts/Tapping mode/ObjectPool.cs using Guid(5503451f5c69cbd49b56b8527fd3550e) Importer(815301076,1909f56bfc062723c751e8b465ee728b)  -> (artifact id: '9c4ffa4f1aaea1475a4b6d64fc81a1b5') in 0.018156 seconds 
========================================================================
Received Prepare
Registering precompiled user dll's ...
Registered in 0.020278 seconds.
Begin MonoManager ReloadAssembly
Native extension for WindowsStandalone target not found
Refreshing native plugins compatible for Editor in 1.29 ms, found 3 plugins.
Preloading 0 native plugins for Editor in 0.00 ms.
Mono: successfully reloaded assembly
- Completed reload, in  3.348 seconds
Platform modules already initialized, skipping
Refreshing native plugins compatible for Editor in 0.97 ms, found 3 plugins.
Preloading 0 native plugins for Editor in 0.00 ms.
Unloading 2104 Unused Serialized files (Serialized files now loaded: 0)
System memory in use before: 102.6 MB.
System memory in use after: 102.7 MB.

Unloading 16 unused Assets to reduce memory usage. Loaded Objects now: 2693.
Total: 7.509900 ms (FindLiveObjects: 0.573700 ms CreateObjectMapping: 0.359300 ms MarkObjects: 6.533100 ms  DeleteObjects: 0.040800 ms)

========================================================================
Received Prepare
Registering precompiled user dll's ...
Registered in 0.018757 seconds.
Begin MonoManager ReloadAssembly
Native extension for WindowsStandalone target not found
Refreshing native plugins compatible for Editor in 0.94 ms, found 3 plugins.
Preloading 0 native plugins for Editor in 0.00 ms.
Mono: successfully reloaded assembly
- Completed reload, in  3.379 seconds
Platform modules already initialized, skipping
Refreshing native plugins compatible for Editor in 1.31 ms, found 3 plugins.
Preloading 0 native plugins for Editor in 0.00 ms.
Unloading 2104 Unused Serialized files (Serialized files now loaded: 0)
System memory in use before: 102.6 MB.
System memory in use after: 102.7 MB.

Unloading 16 unused Assets to reduce memory usage. Loaded Objects now: 2696.
Total: 6.958200 ms (FindLiveObjects: 0.393400 ms CreateObjectMapping: 0.164600 ms MarkObjects: 6.358500 ms  DeleteObjects: 0.038900 ms)

========================================================================
Received Prepare
Registering precompiled user dll's ...
Registered in 0.019148 seconds.
Begin MonoManager ReloadAssembly
Native extension for WindowsStandalone target not found
Refreshing native plugins compatible for Editor in 1.53 ms, found 3 plugins.
Preloading 0 native plugins for Editor in 0.00 ms.
Mono: successfully reloaded assembly
- Completed reload, in  3.298 seconds
Platform modules already initialized, skipping
Refreshing native plugins compatible for Editor in 1.02 ms, found 3 plugins.
Preloading 0 native plugins for Editor in 0.00 ms.
Unloading 2104 Unused Serialized files (Serialized files now loaded: 0)
System memory in use before: 102.6 MB.
System memory in use after: 102.7 MB.

Unloading 16 unused Assets to reduce memory usage. Loaded Objects now: 2699.
Total: 7.282200 ms (FindLiveObjects: 0.569000 ms CreateObjectMapping: 0.222300 ms MarkObjects: 6.442300 ms  DeleteObjects: 0.045500 ms)

========================================================================
Received Prepare
Registering precompiled user dll's ...
Registered in 0.017084 seconds.
Begin MonoManager ReloadAssembly
Native extension for WindowsStandalone target not found
Refreshing native plugins compatible for Editor in 1.09 ms, found 3 plugins.
Preloading 0 native plugins for Editor in 0.00 ms.
Mono: successfully reloaded assembly
- Completed reload, in  3.152 seconds
Platform modules already initialized, skipping
Refreshing native plugins compatible for Editor in 1.23 ms, found 3 plugins.
Preloading 0 native plugins for Editor in 0.00 ms.
Unloading 2104 Unused Serialized files (Serialized files now loaded: 0)
System memory in use before: 102.7 MB.
System memory in use after: 102.8 MB.

Unloading 16 unused Assets to reduce memory usage. Loaded Objects now: 2702.
Total: 7.316800 ms (FindLiveObjects: 0.472700 ms CreateObjectMapping: 0.171400 ms MarkObjects: 6.635600 ms  DeleteObjects: 0.034800 ms)

========================================================================
Received Prepare
Registering precompiled user dll's ...
Registered in 0.018090 seconds.
Begin MonoManager ReloadAssembly
Native extension for WindowsStandalone target not found
Refreshing native plugins compatible for Editor in 1.08 ms, found 3 plugins.
Preloading 0 native plugins for Editor in 0.00 ms.
Mono: successfully reloaded assembly
- Completed reload, in  3.419 seconds
Platform modules already initialized, skipping
Refreshing native plugins compatible for Editor in 1.03 ms, found 3 plugins.
Preloading 0 native plugins for Editor in 0.00 ms.
Unloading 2104 Unused Serialized files (Serialized files now loaded: 0)
System memory in use before: 102.7 MB.
System memory in use after: 102.9 MB.

Unloading 16 unused Assets to reduce memory usage. Loaded Objects now: 2705.
Total: 7.272700 ms (FindLiveObjects: 0.477600 ms CreateObjectMapping: 0.150600 ms MarkObjects: 6.601800 ms  DeleteObjects: 0.040000 ms)

========================================================================
Received Prepare
Registering precompiled user dll's ...
Registered in 0.016381 seconds.
Begin MonoManager ReloadAssembly
Native extension for WindowsStandalone target not found
Refreshing native plugins compatible for Editor in 1.79 ms, found 3 plugins.
Preloading 0 native plugins for Editor in 0.00 ms.
Mono: successfully reloaded assembly
- Completed reload, in  3.044 seconds
Platform modules already initialized, skipping
Refreshing native plugins compatible for Editor in 1.17 ms, found 3 plugins.
Preloading 0 native plugins for Editor in 0.00 ms.
Unloading 2104 Unused Serialized files (Serialized files now loaded: 0)
System memory in use before: 102.7 MB.
System memory in use after: 102.9 MB.

Unloading 16 unused Assets to reduce memory usage. Loaded Objects now: 2708.
Total: 8.648900 ms (FindLiveObjects: 0.838100 ms CreateObjectMapping: 0.443300 ms MarkObjects: 7.313200 ms  DeleteObjects: 0.051200 ms)

========================================================================
Received Prepare
Registering precompiled user dll's ...
Registered in 0.017496 seconds.
Begin MonoManager ReloadAssembly
Native extension for WindowsStandalone target not found
Refreshing native plugins compatible for Editor in 0.92 ms, found 3 plugins.
Preloading 0 native plugins for Editor in 0.00 ms.
Mono: successfully reloaded assembly
- Completed reload, in  2.844 seconds
Platform modules already initialized, skipping
Refreshing native plugins compatible for Editor in 1.41 ms, found 3 plugins.
Preloading 0 native plugins for Editor in 0.00 ms.
Unloading 2104 Unused Serialized files (Serialized files now loaded: 0)
System memory in use before: 102.7 MB.
System memory in use after: 102.9 MB.

Unloading 16 unused Assets to reduce memory usage. Loaded Objects now: 2711.
Total: 7.276100 ms (FindLiveObjects: 0.452500 ms CreateObjectMapping: 0.142900 ms MarkObjects: 6.635600 ms  DeleteObjects: 0.042700 ms)

========================================================================
Received Prepare
Registering precompiled user dll's ...
Registered in 0.020308 seconds.
Begin MonoManager ReloadAssembly
Native extension for WindowsStandalone target not found
Refreshing native plugins compatible for Editor in 1.12 ms, found 3 plugins.
Preloading 0 native plugins for Editor in 0.00 ms.
Mono: successfully reloaded assembly
- Completed reload, in  3.364 seconds
Platform modules already initialized, skipping
Refreshing native plugins compatible for Editor in 1.12 ms, found 3 plugins.
Preloading 0 native plugins for Editor in 0.00 ms.
Unloading 2104 Unused Serialized files (Serialized files now loaded: 0)
System memory in use before: 102.8 MB.
System memory in use after: 102.9 MB.

Unloading 16 unused Assets to reduce memory usage. Loaded Objects now: 2714.
Total: 7.366900 ms (FindLiveObjects: 0.612700 ms CreateObjectMapping: 0.298400 ms MarkObjects: 6.413200 ms  DeleteObjects: 0.039700 ms)

========================================================================
Received Prepare
Registering precompiled user dll's ...
Registered in 0.012124 seconds.
Begin MonoManager ReloadAssembly
Native extension for WindowsStandalone target not found
Refreshing native plugins compatible for Editor in 1.46 ms, found 3 plugins.
Preloading 0 native plugins for Editor in 0.00 ms.
Mono: successfully reloaded assembly
- Completed reload, in  3.343 seconds
Platform modules already initialized, skipping
Refreshing native plugins compatible for Editor in 1.12 ms, found 3 plugins.
Preloading 0 native plugins for Editor in 0.00 ms.
Unloading 2104 Unused Serialized files (Serialized files now loaded: 0)
System memory in use before: 102.8 MB.
System memory in use after: 102.9 MB.

Unloading 16 unused Assets to reduce memory usage. Loaded Objects now: 2717.
Total: 8.146100 ms (FindLiveObjects: 0.582500 ms CreateObjectMapping: 0.168100 ms MarkObjects: 7.349600 ms  DeleteObjects: 0.042300 ms)

========================================================================
Received Prepare
Registering precompiled user dll's ...
Registered in 0.020856 seconds.
Begin MonoManager ReloadAssembly
Native extension for WindowsStandalone target not found
Refreshing native plugins compatible for Editor in 1.07 ms, found 3 plugins.
Preloading 0 native plugins for Editor in 0.00 ms.
Mono: successfully reloaded assembly
- Completed reload, in  3.542 seconds
Platform modules already initialized, skipping
Refreshing native plugins compatible for Editor in 1.08 ms, found 3 plugins.
Preloading 0 native plugins for Editor in 0.00 ms.
Unloading 2104 Unused Serialized files (Serialized files now loaded: 0)
System memory in use before: 102.8 MB.
System memory in use after: 102.9 MB.

Unloading 16 unused Assets to reduce memory usage. Loaded Objects now: 2720.
Total: 7.336600 ms (FindLiveObjects: 0.457600 ms CreateObjectMapping: 0.189300 ms MarkObjects: 6.647700 ms  DeleteObjects: 0.038400 ms)

========================================================================
Received Prepare
Registering precompiled user dll's ...
Registered in 0.013691 seconds.
Begin MonoManager ReloadAssembly
Native extension for WindowsStandalone target not found
Refreshing native plugins compatible for Editor in 0.94 ms, found 3 plugins.
Preloading 0 native plugins for Editor in 0.00 ms.
Mono: successfully reloaded assembly
- Completed reload, in  3.242 seconds
Platform modules already initialized, skipping
Refreshing native plugins compatible for Editor in 1.24 ms, found 3 plugins.
Preloading 0 native plugins for Editor in 0.00 ms.
Unloading 2104 Unused Serialized files (Serialized files now loaded: 0)
System memory in use before: 102.8 MB.
System memory in use after: 102.9 MB.

Unloading 16 unused Assets to reduce memory usage. Loaded Objects now: 2723.
Total: 5.758900 ms (FindLiveObjects: 0.345300 ms CreateObjectMapping: 0.087600 ms MarkObjects: 5.295700 ms  DeleteObjects: 0.028900 ms)

========================================================================
Received Prepare
Registering precompiled user dll's ...
Registered in 0.015780 seconds.
Begin MonoManager ReloadAssembly
Native extension for WindowsStandalone target not found
Refreshing native plugins compatible for Editor in 1.07 ms, found 3 plugins.
Preloading 0 native plugins for Editor in 0.00 ms.
Mono: successfully reloaded assembly
- Completed reload, in  3.339 seconds
Platform modules already initialized, skipping
Refreshing native plugins compatible for Editor in 1.09 ms, found 3 plugins.
Preloading 0 native plugins for Editor in 0.00 ms.
Unloading 2104 Unused Serialized files (Serialized files now loaded: 0)
System memory in use before: 102.8 MB.
System memory in use after: 103.0 MB.

Unloading 16 unused Assets to reduce memory usage. Loaded Objects now: 2726.
Total: 7.056100 ms (FindLiveObjects: 0.430300 ms CreateObjectMapping: 0.145800 ms MarkObjects: 6.438900 ms  DeleteObjects: 0.038900 ms)

========================================================================
Received Prepare
Registering precompiled user dll's ...
Registered in 0.013077 seconds.
Begin MonoManager ReloadAssembly
Native extension for WindowsStandalone target not found
Refreshing native plugins compatible for Editor in 0.86 ms, found 3 plugins.
Preloading 0 native plugins for Editor in 0.00 ms.
Mono: successfully reloaded assembly
- Completed reload, in  2.828 seconds
Platform modules already initialized, skipping
Refreshing native plugins compatible for Editor in 0.67 ms, found 3 plugins.
Preloading 0 native plugins for Editor in 0.00 ms.
Unloading 2104 Unused Serialized files (Serialized files now loaded: 0)
System memory in use before: 102.8 MB.
System memory in use after: 103.0 MB.

Unloading 16 unused Assets to reduce memory usage. Loaded Objects now: 2729.
Total: 6.905200 ms (FindLiveObjects: 0.437000 ms CreateObjectMapping: 0.150700 ms MarkObjects: 6.273800 ms  DeleteObjects: 0.040500 ms)

========================================================================
Received Prepare
Registering precompiled user dll's ...
Registered in 0.015887 seconds.
Begin MonoManager ReloadAssembly
Native extension for WindowsStandalone target not found
Refreshing native plugins compatible for Editor in 0.99 ms, found 3 plugins.
Preloading 0 native plugins for Editor in 0.00 ms.
Mono: successfully reloaded assembly
- Completed reload, in  3.110 seconds
Platform modules already initialized, skipping
Refreshing native plugins compatible for Editor in 0.64 ms, found 3 plugins.
Preloading 0 native plugins for Editor in 0.00 ms.
Unloading 2104 Unused Serialized files (Serialized files now loaded: 0)
System memory in use before: 102.8 MB.
System memory in use after: 103.0 MB.

Unloading 16 unused Assets to reduce memory usage. Loaded Objects now: 2732.
Total: 4.864100 ms (FindLiveObjects: 0.494900 ms CreateObjectMapping: 0.178500 ms MarkObjects: 4.159100 ms  DeleteObjects: 0.028900 ms)

========================================================================
Received Prepare
Registering precompiled user dll's ...
Registered in 0.015867 seconds.
Begin MonoManager ReloadAssembly
Native extension for WindowsStandalone target not found
Refreshing native plugins compatible for Editor in 0.84 ms, found 3 plugins.
Preloading 0 native plugins for Editor in 0.00 ms.
Mono: successfully reloaded assembly
- Completed reload, in  3.144 seconds
Platform modules already initialized, skipping
Refreshing native plugins compatible for Editor in 1.09 ms, found 3 plugins.
Preloading 0 native plugins for Editor in 0.00 ms.
Unloading 2104 Unused Serialized files (Serialized files now loaded: 0)
System memory in use before: 102.8 MB.
System memory in use after: 103.0 MB.

Unloading 16 unused Assets to reduce memory usage. Loaded Objects now: 2735.
Total: 8.004400 ms (FindLiveObjects: 0.452200 ms CreateObjectMapping: 0.178400 ms MarkObjects: 7.329600 ms  DeleteObjects: 0.041300 ms)

========================================================================
Received Prepare
Registering precompiled user dll's ...
Registered in 0.016738 seconds.
Begin MonoManager ReloadAssembly
Native extension for WindowsStandalone target not found
Refreshing native plugins compatible for Editor in 0.73 ms, found 3 plugins.
Preloading 0 native plugins for Editor in 0.00 ms.
Mono: successfully reloaded assembly
- Completed reload, in  3.317 seconds
Platform modules already initialized, skipping
Refreshing native plugins compatible for Editor in 1.02 ms, found 3 plugins.
Preloading 0 native plugins for Editor in 0.00 ms.
Unloading 2104 Unused Serialized files (Serialized files now loaded: 0)
System memory in use before: 102.8 MB.
System memory in use after: 103.0 MB.

Unloading 16 unused Assets to reduce memory usage. Loaded Objects now: 2738.
Total: 7.066300 ms (FindLiveObjects: 0.467400 ms CreateObjectMapping: 0.144100 ms MarkObjects: 6.409700 ms  DeleteObjects: 0.042800 ms)

========================================================================
Received Prepare
Registering precompiled user dll's ...
Registered in 0.018756 seconds.
Begin MonoManager ReloadAssembly
Native extension for WindowsStandalone target not found
Refreshing native plugins compatible for Editor in 1.09 ms, found 3 plugins.
Preloading 0 native plugins for Editor in 0.00 ms.
Mono: successfully reloaded assembly
- Completed reload, in  3.213 seconds
Platform modules already initialized, skipping
Refreshing native plugins compatible for Editor in 0.89 ms, found 3 plugins.
Preloading 0 native plugins for Editor in 0.00 ms.
Unloading 2104 Unused Serialized files (Serialized files now loaded: 0)
System memory in use before: 102.8 MB.
System memory in use after: 103.0 MB.

Unloading 16 unused Assets to reduce memory usage. Loaded Objects now: 2741.
Total: 7.994200 ms (FindLiveObjects: 0.443600 ms CreateObjectMapping: 0.183900 ms MarkObjects: 7.316200 ms  DeleteObjects: 0.046900 ms)

========================================================================
Received Prepare
Registering precompiled user dll's ...
Registered in 0.007328 seconds.
Begin MonoManager ReloadAssembly
Native extension for WindowsStandalone target not found
Refreshing native plugins compatible for Editor in 1.20 ms, found 3 plugins.
Preloading 0 native plugins for Editor in 0.00 ms.
Mono: successfully reloaded assembly
- Completed reload, in  3.300 seconds
Platform modules already initialized, skipping
Refreshing native plugins compatible for Editor in 0.98 ms, found 3 plugins.
Preloading 0 native plugins for Editor in 0.00 ms.
Unloading 2104 Unused Serialized files (Serialized files now loaded: 0)
System memory in use before: 102.8 MB.
System memory in use after: 103.0 MB.

Unloading 16 unused Assets to reduce memory usage. Loaded Objects now: 2744.
Total: 9.786200 ms (FindLiveObjects: 0.603500 ms CreateObjectMapping: 0.414700 ms MarkObjects: 8.720100 ms  DeleteObjects: 0.044100 ms)

========================================================================
Received Prepare
Registering precompiled user dll's ...
Registered in 0.022445 seconds.
Begin MonoManager ReloadAssembly
Native extension for WindowsStandalone target not found
Refreshing native plugins compatible for Editor in 1.07 ms, found 3 plugins.
Preloading 0 native plugins for Editor in 0.00 ms.
Mono: successfully reloaded assembly
- Completed reload, in  3.224 seconds
Platform modules already initialized, skipping
Refreshing native plugins compatible for Editor in 1.13 ms, found 3 plugins.
Preloading 0 native plugins for Editor in 0.00 ms.
Unloading 2104 Unused Serialized files (Serialized files now loaded: 0)
System memory in use before: 102.8 MB.
System memory in use after: 103.1 MB.

Unloading 16 unused Assets to reduce memory usage. Loaded Objects now: 2747.
Total: 7.306100 ms (FindLiveObjects: 0.608000 ms CreateObjectMapping: 0.233500 ms MarkObjects: 6.419200 ms  DeleteObjects: 0.042600 ms)

========================================================================
Received Prepare
Registering precompiled user dll's ...
Registered in 0.008828 seconds.
Begin MonoManager ReloadAssembly
Native extension for WindowsStandalone target not found
Refreshing native plugins compatible for Editor in 0.95 ms, found 3 plugins.
Preloading 0 native plugins for Editor in 0.00 ms.
Mono: successfully reloaded assembly
- Completed reload, in  3.312 seconds
Platform modules already initialized, skipping
Refreshing native plugins compatible for Editor in 1.19 ms, found 3 plugins.
Preloading 0 native plugins for Editor in 0.00 ms.
Unloading 2104 Unused Serialized files (Serialized files now loaded: 0)
System memory in use before: 102.8 MB.
System memory in use after: 103.1 MB.

Unloading 16 unused Assets to reduce memory usage. Loaded Objects now: 2750.
Total: 7.834600 ms (FindLiveObjects: 0.610400 ms CreateObjectMapping: 0.262100 ms MarkObjects: 6.916300 ms  DeleteObjects: 0.042600 ms)

========================================================================
Received Prepare
Registering precompiled user dll's ...
Registered in 0.008636 seconds.
Begin MonoManager ReloadAssembly
Native extension for WindowsStandalone target not found
Refreshing native plugins compatible for Editor in 1.11 ms, found 3 plugins.
Preloading 0 native plugins for Editor in 0.00 ms.
Mono: successfully reloaded assembly
- Completed reload, in  3.140 seconds
Platform modules already initialized, skipping
Refreshing native plugins compatible for Editor in 1.11 ms, found 3 plugins.
Preloading 0 native plugins for Editor in 0.00 ms.
Unloading 2104 Unused Serialized files (Serialized files now loaded: 0)
System memory in use before: 102.9 MB.
System memory in use after: 103.1 MB.

Unloading 16 unused Assets to reduce memory usage. Loaded Objects now: 2753.
Total: 7.135100 ms (FindLiveObjects: 0.487100 ms CreateObjectMapping: 0.180900 ms MarkObjects: 6.424700 ms  DeleteObjects: 0.039700 ms)

========================================================================
Received Import Request.
  Time since last request: 5088.897258 seconds.
  path: Assets/RW/Scenes/TapPanic.unity
  artifactKey: Guid(b21dba2481bea4d359a2f859eefc5806) Importer(815301076,1909f56bfc062723c751e8b465ee728b)
Start importing Assets/RW/Scenes/TapPanic.unity using Guid(b21dba2481bea4d359a2f859eefc5806) Importer(815301076,1909f56bfc062723c751e8b465ee728b)  -> (artifact id: 'ceb0451ab8daa0bc6be4b6940f01b65b') in 0.039807 seconds 
========================================================================
Received Prepare
Registering precompiled user dll's ...
Registered in 0.013233 seconds.
Begin MonoManager ReloadAssembly
Native extension for WindowsStandalone target not found
Refreshing native plugins compatible for Editor in 0.99 ms, found 3 plugins.
Preloading 0 native plugins for Editor in 0.00 ms.
Mono: successfully reloaded assembly
- Completed reload, in  3.198 seconds
Platform modules already initialized, skipping
Refreshing native plugins compatible for Editor in 1.63 ms, found 3 plugins.
Preloading 0 native plugins for Editor in 0.00 ms.
Unloading 2104 Unused Serialized files (Serialized files now loaded: 0)
System memory in use before: 102.9 MB.
System memory in use after: 103.1 MB.

Unloading 16 unused Assets to reduce memory usage. Loaded Objects now: 2756.
Total: 7.628400 ms (FindLiveObjects: 0.637600 ms CreateObjectMapping: 0.398000 ms MarkObjects: 6.547000 ms  DeleteObjects: 0.042900 ms)

========================================================================
Received Prepare
Registering precompiled user dll's ...
Registered in 0.009456 seconds.
Begin MonoManager ReloadAssembly
Native extension for WindowsStandalone target not found
Refreshing native plugins compatible for Editor in 1.01 ms, found 3 plugins.
Preloading 0 native plugins for Editor in 0.00 ms.
Mono: successfully reloaded assembly
- Completed reload, in  3.230 seconds
Platform modules already initialized, skipping
Refreshing native plugins compatible for Editor in 1.09 ms, found 3 plugins.
Preloading 0 native plugins for Editor in 0.00 ms.
Unloading 2104 Unused Serialized files (Serialized files now loaded: 0)
System memory in use before: 102.9 MB.
System memory in use after: 103.1 MB.

Unloading 16 unused Assets to reduce memory usage. Loaded Objects now: 2759.
Total: 7.561800 ms (FindLiveObjects: 0.506900 ms CreateObjectMapping: 0.159300 ms MarkObjects: 6.845400 ms  DeleteObjects: 0.046500 ms)

========================================================================
Received Prepare
Registering precompiled user dll's ...
Registered in 0.017060 seconds.
Begin MonoManager ReloadAssembly
Native extension for WindowsStandalone target not found
Refreshing native plugins compatible for Editor in 1.00 ms, found 3 plugins.
Preloading 0 native plugins for Editor in 0.00 ms.
Mono: successfully reloaded assembly
- Completed reload, in  3.128 seconds
Platform modules already initialized, skipping
Refreshing native plugins compatible for Editor in 1.46 ms, found 3 plugins.
Preloading 0 native plugins for Editor in 0.00 ms.
Unloading 2104 Unused Serialized files (Serialized files now loaded: 0)
System memory in use before: 102.9 MB.
System memory in use after: 103.1 MB.

Unloading 16 unused Assets to reduce memory usage. Loaded Objects now: 2762.
Total: 7.728400 ms (FindLiveObjects: 0.610400 ms CreateObjectMapping: 0.295400 ms MarkObjects: 6.776500 ms  DeleteObjects: 0.042800 ms)

========================================================================
Received Prepare
Registering precompiled user dll's ...
Registered in 0.016556 seconds.
Begin MonoManager ReloadAssembly
Native extension for WindowsStandalone target not found
Refreshing native plugins compatible for Editor in 0.96 ms, found 3 plugins.
Preloading 0 native plugins for Editor in 0.00 ms.
Mono: successfully reloaded assembly
- Completed reload, in  3.289 seconds
Platform modules already initialized, skipping
Refreshing native plugins compatible for Editor in 1.25 ms, found 3 plugins.
Preloading 0 native plugins for Editor in 0.00 ms.
Unloading 2104 Unused Serialized files (Serialized files now loaded: 0)
System memory in use before: 102.9 MB.
System memory in use after: 103.1 MB.

Unloading 16 unused Assets to reduce memory usage. Loaded Objects now: 2765.
Total: 8.105700 ms (FindLiveObjects: 0.545600 ms CreateObjectMapping: 0.197000 ms MarkObjects: 7.308600 ms  DeleteObjects: 0.051000 ms)

========================================================================
Received Prepare
Registering precompiled user dll's ...
Registered in 0.015308 seconds.
Begin MonoManager ReloadAssembly
Native extension for WindowsStandalone target not found
Refreshing native plugins compatible for Editor in 1.28 ms, found 3 plugins.
Preloading 0 native plugins for Editor in 0.00 ms.
Mono: successfully reloaded assembly
- Completed reload, in  3.026 seconds
Platform modules already initialized, skipping
Refreshing native plugins compatible for Editor in 1.04 ms, found 3 plugins.
Preloading 0 native plugins for Editor in 0.00 ms.
Unloading 2104 Unused Serialized files (Serialized files now loaded: 0)
System memory in use before: 102.9 MB.
System memory in use after: 103.1 MB.

Unloading 16 unused Assets to reduce memory usage. Loaded Objects now: 2768.
Total: 8.357000 ms (FindLiveObjects: 0.494300 ms CreateObjectMapping: 0.184000 ms MarkObjects: 7.636500 ms  DeleteObjects: 0.039500 ms)

========================================================================
Received Prepare
Registering precompiled user dll's ...
Registered in 0.018036 seconds.
Begin MonoManager ReloadAssembly
Native extension for WindowsStandalone target not found
Refreshing native plugins compatible for Editor in 0.93 ms, found 3 plugins.
Preloading 0 native plugins for Editor in 0.00 ms.
Mono: successfully reloaded assembly
- Completed reload, in  3.310 seconds
Platform modules already initialized, skipping
Refreshing native plugins compatible for Editor in 1.18 ms, found 3 plugins.
Preloading 0 native plugins for Editor in 0.00 ms.
Unloading 2104 Unused Serialized files (Serialized files now loaded: 0)
System memory in use before: 102.9 MB.
System memory in use after: 103.2 MB.

Unloading 16 unused Assets to reduce memory usage. Loaded Objects now: 2771.
Total: 8.757700 ms (FindLiveObjects: 0.760000 ms CreateObjectMapping: 0.712000 ms MarkObjects: 7.240400 ms  DeleteObjects: 0.042400 ms)

========================================================================
Received Prepare
Registering precompiled user dll's ...
Registered in 0.009325 seconds.
Begin MonoManager ReloadAssembly
Native extension for WindowsStandalone target not found
Refreshing native plugins compatible for Editor in 0.85 ms, found 3 plugins.
Preloading 0 native plugins for Editor in 0.00 ms.
Mono: successfully reloaded assembly
- Completed reload, in  3.302 seconds
Platform modules already initialized, skipping
Refreshing native plugins compatible for Editor in 1.12 ms, found 3 plugins.
Preloading 0 native plugins for Editor in 0.00 ms.
Unloading 2104 Unused Serialized files (Serialized files now loaded: 0)
System memory in use before: 102.9 MB.
System memory in use after: 103.2 MB.

Unloading 16 unused Assets to reduce memory usage. Loaded Objects now: 2774.
Total: 11.186000 ms (FindLiveObjects: 0.781100 ms CreateObjectMapping: 0.525200 ms MarkObjects: 9.814100 ms  DeleteObjects: 0.061200 ms)

